<?xml version="1.0" encoding="UTF-8"?>
<!-- Generated by org.testng.reporters.JUnitReportReporter -->
<testsuite hostname="HP" name="com.digival.task.digival.TranslateJava" tests="1" failures="0" timestamp="10 May 2021 08:31:44 GMT" time="46.567" errors="0">
  <testcase name="test" time="46.567" classname="com.digival.task.digival.TranslateJava"/>
</testsuite> <!-- com.digival.task.digival.TranslateJava -->
